2014-03-26 12:58:48 INFO [Boot.Main:15] - *******************************Inizio Esecuzione********************************
2014-03-26 12:58:48 INFO [BI.MainBI:26] - *******************************Inizio Esecuzione in Batch********************************
2014-03-26 12:58:48 INFO [BI.MainBI:32] - Inizio connessione al database
2014-03-26 12:58:54 INFO [Control.Check:48] - ******************Controllo errori del giorno: 2014-3-25*******************
2014-03-26 12:58:54 INFO [Control.Check:58] - *************Controllo punto vendita: Iannaccone Sabino e F. (Atripalda);id:12***************
2014-03-26 12:58:54 INFO [Control.Check:128] - Pdv OK
2014-03-26 12:58:54 INFO [Control.Check:58] - *************Controllo punto vendita: Cedes Alimentare S.R.L (Montella);id:13***************
2014-03-26 12:58:54 INFO [Control.Check:128] - Pdv OK
2014-03-26 12:58:54 INFO [Control.Check:58] - *************Controllo punto vendita: Diemme S.R.L (Salerno);id:14***************
2014-03-26 12:58:54 INFO [Control.Check:128] - Pdv OK
2014-03-26 12:58:54 INFO [Control.Check:58] - *************Controllo punto vendita: Mtr S.R.L. (Baragiano);id:15***************
2014-03-26 12:58:54 INFO [Control.Check:67] - Il pdv non ha inviato i dati
2014-03-26 12:58:54 INFO [Control.Check:58] - *************Controllo punto vendita: De Feo Rafaella and C. (Serino);id:16***************
2014-03-26 12:58:54 INFO [Control.Check:67] - Il pdv non ha inviato i dati
2014-03-26 12:58:54 INFO [Control.Check:58] - *************Controllo punto vendita: De Stefano Gennaro (Solofra);id:17***************
2014-03-26 12:58:54 INFO [Control.Check:67] - Il pdv non ha inviato i dati
2014-03-26 12:58:54 INFO [Control.Check:58] - *************Controllo punto vendita: Ce.Si.Mi (Solofra);id:18***************
2014-03-26 12:58:54 INFO [Control.Check:128] - Pdv OK
2014-03-26 12:58:54 INFO [Control.Check:58] - *************Controllo punto vendita: D.T. Distribuzione Gio (Torchiara);id:19***************
2014-03-26 12:58:54 INFO [Control.Check:128] - Pdv OK
2014-03-26 12:58:54 INFO [Control.Check:58] - *************Controllo punto vendita: Il Girasole S.R.L. (Nola);id:20***************
2014-03-26 12:58:54 INFO [Control.Check:128] - Pdv OK
2014-03-26 12:58:54 INFO [Control.Check:58] - *************Controllo punto vendita: Co.Vi. SNC (Altomonte);id:21***************
2014-03-26 12:58:54 INFO [Control.Check:67] - Il pdv non ha inviato i dati
2014-03-26 12:58:54 INFO [Control.Check:58] - *************Controllo punto vendita: F.lli Speranza SNC (Torre Orsaia);id:22***************
2014-03-26 12:58:54 INFO [Control.Check:128] - Pdv OK
2014-03-26 12:58:54 INFO [Control.Check:58] - *************Controllo punto vendita: Alba Store (Albanella);id:23***************
2014-03-26 12:58:54 INFO [Control.Check:128] - Pdv OK
2014-03-26 12:58:54 INFO [Control.Check:58] - *************Controllo punto vendita: Rizzo Sergio (Campagna);id:24***************
2014-03-26 12:58:54 INFO [Control.Check:128] - Pdv OK
2014-03-26 12:58:54 INFO [Control.Check:58] - *************Controllo punto vendita: Fratelli Caporale SNC (Palomonte);id:28***************
2014-03-26 12:58:54 INFO [Control.Check:67] - Il pdv non ha inviato i dati
2014-03-26 12:58:54 INFO [Control.Check:58] - *************Controllo punto vendita: Ferrara S.R.L. (Palma Campania);id:29***************
2014-03-26 12:58:54 INFO [Control.Check:128] - Pdv OK
2014-03-26 12:58:54 INFO [Control.Check:58] - *************Controllo punto vendita: Meda Carni S.R.L (San Leonardo);id:30***************
2014-03-26 12:58:54 INFO [Control.Check:128] - Pdv OK
2014-03-26 12:58:54 INFO [Control.Check:58] - *************Controllo punto vendita: Sabia Antonella (Rionero);id:31***************
2014-03-26 12:58:54 INFO [Control.Check:128] - Pdv OK
2014-03-26 12:58:54 INFO [Control.Check:58] - *************Controllo punto vendita: Unirey S.R.L. (Via Roma);id:32***************
2014-03-26 12:58:54 INFO [Control.Check:128] - Pdv OK
2014-03-26 12:58:54 INFO [Control.Check:58] - *************Controllo punto vendita: Unirey S.R.L. (Via Roma);id:33***************
2014-03-26 12:58:54 INFO [Control.Check:128] - Pdv OK
2014-03-26 12:58:54 INFO [Control.Check:58] - *************Controllo punto vendita: Vimas (Salerno);id:34***************
2014-03-26 12:58:54 INFO [Control.Check:128] - Pdv OK
2014-03-26 12:58:54 INFO [Control.Check:58] - *************Controllo punto vendita: La Rocchellese S.R.L. (Roccagloriosa);id:35***************
2014-03-26 12:58:54 INFO [Control.Check:128] - Pdv OK
2014-03-26 12:58:54 INFO [Control.Check:58] - *************Controllo punto vendita: Multiservice (Laino Borgo);id:37***************
2014-03-26 12:58:54 INFO [Control.Check:128] - Pdv OK
2014-03-26 12:58:54 INFO [Control.Check:58] - *************Controllo punto vendita: Califano Alimentari;id:39***************
2014-03-26 12:58:54 INFO [Control.Check:128] - Pdv OK
2014-03-26 12:58:54 INFO [Control.Check:58] - *************Controllo punto vendita: Battista Nevicella;id:40***************
2014-03-26 12:58:54 INFO [Control.Check:128] - Pdv OK
2014-03-26 12:58:54 INFO [Control.Check:58] - *************Controllo punto vendita: MOCCIA S.A.S. -MERCATO SAN SEVERINO- PIAZZA ALDO MORO;id:41***************
2014-03-26 12:58:54 INFO [Control.Check:128] - Pdv OK
2014-03-26 12:58:54 INFO [Control.Check:58] - *************Controllo punto vendita: Meda Carni (Zona Industriale);id:42***************
2014-03-26 12:58:54 INFO [Control.Check:128] - Pdv OK
2014-03-26 12:58:54 INFO [Control.Check:58] - *************Controllo punto vendita: MOCCIA S.A.S. -BRACIGLIANO- VIA VES.;id:44***************
2014-03-26 12:58:54 INFO [Control.Check:128] - Pdv OK
2014-03-26 12:58:54 INFO [Control.Check:58] - *************Controllo punto vendita: MOCCIA SAS -SIANO- VIA BOTTA;id:45***************
2014-03-26 12:58:54 INFO [Control.Check:67] - Il pdv non ha inviato i dati
2014-03-26 12:58:54 INFO [Control.Check:58] - *************Controllo punto vendita: MOCCIA SAS -SIANO- VIA ZAMBRANO;id:46***************
2014-03-26 12:58:54 INFO [Control.Check:128] - Pdv OK
2014-03-26 12:58:54 INFO [Control.Check:58] - *************Controllo punto vendita: MOCCIA SAS -MERCATO SAN SEVERINO- CORSO DIAZ;id:47***************
2014-03-26 12:58:54 INFO [Control.Check:128] - Pdv OK
2014-03-26 12:58:54 INFO [Control.Check:58] - *************Controllo punto vendita: MOCCIA SAS -BRACIGLIANO- VIA VERDI;id:48***************
2014-03-26 12:58:54 INFO [Control.Check:67] - Il pdv non ha inviato i dati
2014-03-26 12:58:54 INFO [Control.Check:58] - *************Controllo punto vendita: MOCCIA SAS -CASTEL SAN GIORGIO- VIA MANNARA;id:49***************
2014-03-26 12:58:54 INFO [Control.Check:128] - Pdv OK
2014-03-26 12:58:54 INFO [Control.Check:58] - *************Controllo punto vendita: MOCCIA SAS -M.S.S SEVERINO- SAN VINCENZO;id:50***************
2014-03-26 12:58:54 INFO [Control.Check:67] - Il pdv non ha inviato i dati
2014-03-26 12:59:38 INFO [Boot.Main:15] - *******************************Inizio Esecuzione********************************
2014-03-26 12:59:38 INFO [BI.MainBI:26] - *******************************Inizio Esecuzione in Batch********************************
2014-03-26 12:59:38 INFO [BI.MainBI:32] - Inizio connessione al database
2014-03-26 12:59:41 INFO [Control.Check:48] - ******************Controllo errori del giorno: 2014-3-25*******************
2014-03-26 12:59:41 INFO [Control.Check:58] - *************Controllo punto vendita: Iannaccone Sabino e F. (Atripalda);id:12***************
2014-03-26 12:59:41 INFO [Control.Check:128] - Pdv OK
2014-03-26 12:59:41 INFO [Control.Check:58] - *************Controllo punto vendita: Cedes Alimentare S.R.L (Montella);id:13***************
2014-03-26 12:59:41 INFO [Control.Check:128] - Pdv OK
2014-03-26 12:59:41 INFO [Control.Check:58] - *************Controllo punto vendita: Diemme S.R.L (Salerno);id:14***************
2014-03-26 12:59:41 INFO [Control.Check:128] - Pdv OK
2014-03-26 12:59:41 INFO [Control.Check:58] - *************Controllo punto vendita: Mtr S.R.L. (Baragiano);id:15***************
2014-03-26 12:59:41 INFO [Control.Check:67] - Il pdv non ha inviato i dati
2014-03-26 12:59:42 INFO [Control.Check:58] - *************Controllo punto vendita: De Feo Rafaella and C. (Serino);id:16***************
2014-03-26 12:59:42 INFO [Control.Check:67] - Il pdv non ha inviato i dati
2014-03-26 12:59:48 INFO [Control.Check:58] - *************Controllo punto vendita: De Stefano Gennaro (Solofra);id:17***************
2014-03-26 12:59:48 INFO [Control.Check:67] - Il pdv non ha inviato i dati
2014-03-26 12:59:49 INFO [Control.Check:58] - *************Controllo punto vendita: Ce.Si.Mi (Solofra);id:18***************
2014-03-26 12:59:49 INFO [Control.Check:128] - Pdv OK
2014-03-26 12:59:49 INFO [Control.Check:58] - *************Controllo punto vendita: D.T. Distribuzione Gio (Torchiara);id:19***************
2014-03-26 12:59:49 INFO [Control.Check:128] - Pdv OK
2014-03-26 12:59:49 INFO [Control.Check:58] - *************Controllo punto vendita: Il Girasole S.R.L. (Nola);id:20***************
2014-03-26 12:59:49 INFO [Control.Check:128] - Pdv OK
2014-03-26 12:59:49 INFO [Control.Check:58] - *************Controllo punto vendita: Co.Vi. SNC (Altomonte);id:21***************
2014-03-26 12:59:49 INFO [Control.Check:67] - Il pdv non ha inviato i dati
2014-03-26 12:59:49 INFO [Control.Check:58] - *************Controllo punto vendita: F.lli Speranza SNC (Torre Orsaia);id:22***************
2014-03-26 12:59:49 INFO [Control.Check:128] - Pdv OK
2014-03-26 12:59:49 INFO [Control.Check:58] - *************Controllo punto vendita: Alba Store (Albanella);id:23***************
2014-03-26 12:59:49 INFO [Control.Check:128] - Pdv OK
2014-03-26 12:59:49 INFO [Control.Check:58] - *************Controllo punto vendita: Rizzo Sergio (Campagna);id:24***************
2014-03-26 12:59:49 INFO [Control.Check:128] - Pdv OK
2014-03-26 12:59:49 INFO [Control.Check:58] - *************Controllo punto vendita: Fratelli Caporale SNC (Palomonte);id:28***************
2014-03-26 12:59:49 INFO [Control.Check:67] - Il pdv non ha inviato i dati
2014-03-26 12:59:50 INFO [Control.Check:58] - *************Controllo punto vendita: Ferrara S.R.L. (Palma Campania);id:29***************
2014-03-26 12:59:50 INFO [Control.Check:128] - Pdv OK
2014-03-26 12:59:50 INFO [Control.Check:58] - *************Controllo punto vendita: Meda Carni S.R.L (San Leonardo);id:30***************
2014-03-26 12:59:50 INFO [Control.Check:128] - Pdv OK
2014-03-26 12:59:50 INFO [Control.Check:58] - *************Controllo punto vendita: Sabia Antonella (Rionero);id:31***************
2014-03-26 12:59:50 INFO [Control.Check:128] - Pdv OK
2014-03-26 12:59:50 INFO [Control.Check:58] - *************Controllo punto vendita: Unirey S.R.L. (Via Roma);id:32***************
2014-03-26 12:59:50 INFO [Control.Check:128] - Pdv OK
2014-03-26 12:59:50 INFO [Control.Check:58] - *************Controllo punto vendita: Unirey S.R.L. (Via Roma);id:33***************
2014-03-26 12:59:50 INFO [Control.Check:128] - Pdv OK
2014-03-26 12:59:50 INFO [Control.Check:58] - *************Controllo punto vendita: Vimas (Salerno);id:34***************
2014-03-26 12:59:50 INFO [Control.Check:128] - Pdv OK
2014-03-26 12:59:50 INFO [Control.Check:58] - *************Controllo punto vendita: La Rocchellese S.R.L. (Roccagloriosa);id:35***************
2014-03-26 12:59:50 INFO [Control.Check:128] - Pdv OK
2014-03-26 12:59:50 INFO [Control.Check:58] - *************Controllo punto vendita: Multiservice (Laino Borgo);id:37***************
2014-03-26 12:59:50 INFO [Control.Check:128] - Pdv OK
2014-03-26 12:59:50 INFO [Control.Check:58] - *************Controllo punto vendita: Califano Alimentari;id:39***************
2014-03-26 12:59:50 INFO [Control.Check:128] - Pdv OK
2014-03-26 12:59:50 INFO [Control.Check:58] - *************Controllo punto vendita: Battista Nevicella;id:40***************
2014-03-26 12:59:50 INFO [Control.Check:128] - Pdv OK
2014-03-26 12:59:50 INFO [Control.Check:58] - *************Controllo punto vendita: MOCCIA S.A.S. -MERCATO SAN SEVERINO- PIAZZA ALDO MORO;id:41***************
2014-03-26 12:59:50 INFO [Control.Check:128] - Pdv OK
2014-03-26 12:59:50 INFO [Control.Check:58] - *************Controllo punto vendita: Meda Carni (Zona Industriale);id:42***************
2014-03-26 12:59:50 INFO [Control.Check:128] - Pdv OK
2014-03-26 12:59:50 INFO [Control.Check:58] - *************Controllo punto vendita: MOCCIA S.A.S. -BRACIGLIANO- VIA VES.;id:44***************
2014-03-26 12:59:50 INFO [Control.Check:128] - Pdv OK
2014-03-26 12:59:50 INFO [Control.Check:58] - *************Controllo punto vendita: MOCCIA SAS -SIANO- VIA BOTTA;id:45***************
2014-03-26 12:59:50 INFO [Control.Check:67] - Il pdv non ha inviato i dati
2014-03-26 12:59:50 INFO [Control.Check:58] - *************Controllo punto vendita: MOCCIA SAS -SIANO- VIA ZAMBRANO;id:46***************
2014-03-26 12:59:50 INFO [Control.Check:128] - Pdv OK
2014-03-26 12:59:50 INFO [Control.Check:58] - *************Controllo punto vendita: MOCCIA SAS -MERCATO SAN SEVERINO- CORSO DIAZ;id:47***************
2014-03-26 12:59:50 INFO [Control.Check:128] - Pdv OK
2014-03-26 12:59:50 INFO [Control.Check:58] - *************Controllo punto vendita: MOCCIA SAS -BRACIGLIANO- VIA VERDI;id:48***************
2014-03-26 12:59:50 INFO [Control.Check:67] - Il pdv non ha inviato i dati
2014-03-26 12:59:51 INFO [Control.Check:58] - *************Controllo punto vendita: MOCCIA SAS -CASTEL SAN GIORGIO- VIA MANNARA;id:49***************
2014-03-26 12:59:51 INFO [Control.Check:128] - Pdv OK
2014-03-26 12:59:51 INFO [Control.Check:58] - *************Controllo punto vendita: MOCCIA SAS -M.S.S SEVERINO- SAN VINCENZO;id:50***************
2014-03-26 12:59:51 INFO [Control.Check:67] - Il pdv non ha inviato i dati
2014-03-26 13:00:15 INFO [Boot.Main:26] - *******************************Fine Esecuzione********************************
2014-03-27 12:57:38 INFO [Boot.Main:15] - *******************************Inizio Esecuzione********************************
2014-03-27 12:57:38 INFO [BI.MainBI:26] - *******************************Inizio Esecuzione in Batch********************************
2014-03-27 12:57:38 INFO [BI.MainBI:32] - Inizio connessione al database
2014-03-27 12:57:41 INFO [Control.Check:154] - ********Controllo vecchio Pdv: Mtr S.R.L. (Baragiano); data: 2014-3-25; type: 1; stato: 1*********
2014-03-27 12:57:43 INFO [Control.Check:227] - Il pdv ha corretto l'errore
2014-03-27 12:57:43 INFO [Control.Check:154] - ********Controllo vecchio Pdv: De Feo Rafaella and C. (Serino); data: 2014-3-25; type: 1; stato: 1*********
2014-03-27 12:57:46 INFO [Control.Check:178] - Il pdv non ha inviato i dati
2014-03-27 12:57:48 INFO [Control.Check:154] - ********Controllo vecchio Pdv: De Stefano Gennaro (Solofra); data: 2014-3-25; type: 1; stato: 1*********
2014-03-27 12:57:49 INFO [Control.Check:178] - Il pdv non ha inviato i dati
2014-03-27 12:57:52 INFO [Control.Check:154] - ********Controllo vecchio Pdv: Co.Vi. SNC (Altomonte); data: 2014-3-25; type: 1; stato: 1*********
2014-03-27 12:57:53 INFO [Control.Check:178] - Il pdv non ha inviato i dati
2014-03-27 12:57:55 INFO [Control.Check:154] - ********Controllo vecchio Pdv: Fratelli Caporale SNC (Palomonte); data: 2014-3-25; type: 1; stato: 1*********
2014-03-27 12:57:56 INFO [Control.Check:227] - Il pdv ha corretto l'errore
2014-03-27 12:57:56 INFO [Control.Check:154] - ********Controllo vecchio Pdv: MOCCIA SAS -SIANO- VIA BOTTA; data: 2014-3-25; type: 1; stato: 1*********
2014-03-27 12:57:57 INFO [Control.Check:227] - Il pdv ha corretto l'errore
2014-03-27 12:57:57 INFO [Control.Check:154] - ********Controllo vecchio Pdv: MOCCIA SAS -BRACIGLIANO- VIA VERDI; data: 2014-3-25; type: 1; stato: 1*********
2014-03-27 12:57:58 INFO [Control.Check:227] - Il pdv ha corretto l'errore
2014-03-27 12:57:58 INFO [Control.Check:154] - ********Controllo vecchio Pdv: MOCCIA SAS -M.S.S SEVERINO- SAN VINCENZO; data: 2014-3-25; type: 1; stato: 1*********
2014-03-27 12:57:59 INFO [Control.Check:178] - Il pdv non ha inviato i dati
2014-03-27 12:58:03 INFO [Control.Check:48] - ******************Controllo errori del giorno: 2014-3-26*******************
2014-03-27 12:58:03 INFO [Control.Check:58] - *************Controllo punto vendita: Iannaccone Sabino e F. (Atripalda);id:12***************
2014-03-27 12:58:03 INFO [Control.Check:128] - Pdv OK
2014-03-27 12:58:03 INFO [Control.Check:58] - *************Controllo punto vendita: Cedes Alimentare S.R.L (Montella);id:13***************
2014-03-27 12:58:03 INFO [Control.Check:128] - Pdv OK
2014-03-27 12:58:03 INFO [Control.Check:58] - *************Controllo punto vendita: Diemme S.R.L (Salerno);id:14***************
2014-03-27 12:58:03 INFO [Control.Check:128] - Pdv OK
2014-03-27 12:58:03 INFO [Control.Check:58] - *************Controllo punto vendita: Mtr S.R.L. (Baragiano);id:15***************
2014-03-27 12:58:03 INFO [Control.Check:128] - Pdv OK
2014-03-27 12:58:03 INFO [Control.Check:58] - *************Controllo punto vendita: De Feo Rafaella and C. (Serino);id:16***************
2014-03-27 12:58:03 INFO [Control.Check:67] - Il pdv non ha inviato i dati
2014-03-27 12:58:05 INFO [Control.Check:58] - *************Controllo punto vendita: De Stefano Gennaro (Solofra);id:17***************
2014-03-27 12:58:05 INFO [Control.Check:67] - Il pdv non ha inviato i dati
2014-03-27 12:58:07 INFO [Control.Check:58] - *************Controllo punto vendita: Ce.Si.Mi (Solofra);id:18***************
2014-03-27 12:58:07 INFO [Control.Check:128] - Pdv OK
2014-03-27 12:58:07 INFO [Control.Check:58] - *************Controllo punto vendita: D.T. Distribuzione Gio (Torchiara);id:19***************
2014-03-27 12:58:07 INFO [Control.Check:128] - Pdv OK
2014-03-27 12:58:07 INFO [Control.Check:58] - *************Controllo punto vendita: Il Girasole S.R.L. (Nola);id:20***************
2014-03-27 12:58:07 INFO [Control.Check:128] - Pdv OK
2014-03-27 12:58:07 INFO [Control.Check:58] - *************Controllo punto vendita: Co.Vi. SNC (Altomonte);id:21***************
2014-03-27 12:58:07 INFO [Control.Check:128] - Pdv OK
2014-03-27 12:58:07 INFO [Control.Check:58] - *************Controllo punto vendita: F.lli Speranza SNC (Torre Orsaia);id:22***************
2014-03-27 12:58:07 INFO [Control.Check:128] - Pdv OK
2014-03-27 12:58:07 INFO [Control.Check:58] - *************Controllo punto vendita: Alba Store (Albanella);id:23***************
2014-03-27 12:58:07 INFO [Control.Check:128] - Pdv OK
2014-03-27 12:58:07 INFO [Control.Check:58] - *************Controllo punto vendita: Rizzo Sergio (Campagna);id:24***************
2014-03-27 12:58:07 INFO [Control.Check:67] - Il pdv non ha inviato i dati
2014-03-27 12:58:07 INFO [Control.Check:58] - *************Controllo punto vendita: Fratelli Caporale SNC (Palomonte);id:28***************
2014-03-27 12:58:07 INFO [Control.Check:67] - Il pdv non ha inviato i dati
2014-03-27 12:58:08 INFO [Control.Check:58] - *************Controllo punto vendita: Ferrara S.R.L. (Palma Campania);id:29***************
2014-03-27 12:58:08 INFO [Control.Check:128] - Pdv OK
2014-03-27 12:58:08 INFO [Control.Check:58] - *************Controllo punto vendita: Meda Carni S.R.L (San Leonardo);id:30***************
2014-03-27 12:58:08 INFO [Control.Check:128] - Pdv OK
2014-03-27 12:58:08 INFO [Control.Check:58] - *************Controllo punto vendita: Sabia Antonella (Rionero);id:31***************
2014-03-27 12:58:08 INFO [Control.Check:128] - Pdv OK
2014-03-27 12:58:08 INFO [Control.Check:58] - *************Controllo punto vendita: Unirey S.R.L. (Via Roma);id:32***************
2014-03-27 12:58:08 INFO [Control.Check:128] - Pdv OK
2014-03-27 12:58:08 INFO [Control.Check:58] - *************Controllo punto vendita: Unirey S.R.L. (Via Roma);id:33***************
2014-03-27 12:58:08 INFO [Control.Check:128] - Pdv OK
2014-03-27 12:58:08 INFO [Control.Check:58] - *************Controllo punto vendita: Vimas (Salerno);id:34***************
2014-03-27 12:58:08 INFO [Control.Check:128] - Pdv OK
2014-03-27 12:58:08 INFO [Control.Check:58] - *************Controllo punto vendita: La Rocchellese S.R.L. (Roccagloriosa);id:35***************
2014-03-27 12:58:08 INFO [Control.Check:128] - Pdv OK
2014-03-27 12:58:08 INFO [Control.Check:58] - *************Controllo punto vendita: Multiservice (Laino Borgo);id:37***************
2014-03-27 12:58:08 INFO [Control.Check:128] - Pdv OK
2014-03-27 12:58:08 INFO [Control.Check:58] - *************Controllo punto vendita: Califano Alimentari;id:39***************
2014-03-27 12:58:08 INFO [Control.Check:128] - Pdv OK
2014-03-27 12:58:08 INFO [Control.Check:58] - *************Controllo punto vendita: Battista Nevicella;id:40***************
2014-03-27 12:58:08 INFO [Control.Check:128] - Pdv OK
2014-03-27 12:58:08 INFO [Control.Check:58] - *************Controllo punto vendita: MOCCIA S.A.S. -MERCATO SAN SEVERINO- PIAZZA ALDO MORO;id:41***************
2014-03-27 12:58:08 INFO [Control.Check:128] - Pdv OK
2014-03-27 12:58:08 INFO [Control.Check:58] - *************Controllo punto vendita: Meda Carni (Zona Industriale);id:42***************
2014-03-27 12:58:08 INFO [Control.Check:128] - Pdv OK
2014-03-27 12:58:08 INFO [Control.Check:58] - *************Controllo punto vendita: MOCCIA S.A.S. -BRACIGLIANO- VIA VES.;id:44***************
2014-03-27 12:58:08 INFO [Control.Check:128] - Pdv OK
2014-03-27 12:58:08 INFO [Control.Check:58] - *************Controllo punto vendita: MOCCIA SAS -SIANO- VIA BOTTA;id:45***************
2014-03-27 12:58:08 INFO [Control.Check:67] - Il pdv non ha inviato i dati
2014-03-27 12:58:08 INFO [Control.Check:58] - *************Controllo punto vendita: MOCCIA SAS -SIANO- VIA ZAMBRANO;id:46***************
2014-03-27 12:58:08 INFO [Control.Check:128] - Pdv OK
2014-03-27 12:58:08 INFO [Control.Check:58] - *************Controllo punto vendita: MOCCIA SAS -MERCATO SAN SEVERINO- CORSO DIAZ;id:47***************
2014-03-27 12:58:08 INFO [Control.Check:128] - Pdv OK
2014-03-27 12:58:08 INFO [Control.Check:58] - *************Controllo punto vendita: MOCCIA SAS -BRACIGLIANO- VIA VERDI;id:48***************
2014-03-27 12:58:08 INFO [Control.Check:128] - Pdv OK
2014-03-27 12:58:08 INFO [Control.Check:58] - *************Controllo punto vendita: MOCCIA SAS -CASTEL SAN GIORGIO- VIA MANNARA;id:49***************
2014-03-27 12:58:08 INFO [Control.Check:128] - Pdv OK
2014-03-27 12:58:08 INFO [Control.Check:58] - *************Controllo punto vendita: MOCCIA SAS -M.S.S SEVERINO- SAN VINCENZO;id:50***************
2014-03-27 12:58:08 INFO [Control.Check:67] - Il pdv non ha inviato i dati
2014-03-27 12:58:59 INFO [Boot.Main:26] - *******************************Fine Esecuzione********************************
2014-03-28 12:34:50 INFO [Boot.Main:15] - *******************************Inizio Esecuzione********************************
2014-03-28 12:34:50 INFO [BI.MainBI:26] - *******************************Inizio Esecuzione in Batch********************************
2014-03-28 12:34:50 INFO [BI.MainBI:32] - Inizio connessione al database
2014-03-28 12:34:55 FATAL [Settings.XmlMan:302] - Errore libreria SAX: org.xml.sax.SAXParseException; systemId: file:///Users/carlosborges/Desktop/FidelityManager/FidelityManager(FM)/ErrLog.xml; lineNumber: 2; columnNumber: 88; Il tipo di elemento "errors" deve terminare con la corrispondente tag finale "</errors>".
2014-03-28 12:34:56 INFO [Control.Check:48] - ******************Controllo errori del giorno: 2014-3-27*******************
2014-03-28 12:34:56 INFO [Control.Check:58] - *************Controllo punto vendita: Iannaccone Sabino e F. (Atripalda);id:12***************
2014-03-28 12:34:56 INFO [Control.Check:128] - Pdv OK
2014-03-28 12:34:56 INFO [Control.Check:58] - *************Controllo punto vendita: Cedes Alimentare S.R.L (Montella);id:13***************
2014-03-28 12:34:56 INFO [Control.Check:128] - Pdv OK
2014-03-28 12:34:56 INFO [Control.Check:58] - *************Controllo punto vendita: Diemme S.R.L (Salerno);id:14***************
2014-03-28 12:34:56 INFO [Control.Check:128] - Pdv OK
2014-03-28 12:34:56 INFO [Control.Check:58] - *************Controllo punto vendita: Mtr S.R.L. (Baragiano);id:15***************
2014-03-28 12:34:56 INFO [Control.Check:67] - Il pdv non ha inviato i dati
2014-03-28 12:34:58 INFO [Control.Check:58] - *************Controllo punto vendita: De Feo Rafaella and C. (Serino);id:16***************
2014-03-28 12:34:58 INFO [Control.Check:128] - Pdv OK
2014-03-28 12:34:58 INFO [Control.Check:58] - *************Controllo punto vendita: De Stefano Gennaro (Solofra);id:17***************
2014-03-28 12:34:58 INFO [Control.Check:67] - Il pdv non ha inviato i dati
2014-03-28 12:34:59 INFO [Control.Check:58] - *************Controllo punto vendita: Ce.Si.Mi (Solofra);id:18***************
2014-03-28 12:34:59 INFO [Control.Check:67] - Il pdv non ha inviato i dati
2014-03-28 12:35:00 INFO [Control.Check:58] - *************Controllo punto vendita: D.T. Distribuzione Gio (Torchiara);id:19***************
2014-03-28 12:35:00 INFO [Control.Check:128] - Pdv OK
2014-03-28 12:35:00 INFO [Control.Check:58] - *************Controllo punto vendita: Il Girasole S.R.L. (Nola);id:20***************
2014-03-28 12:35:00 INFO [Control.Check:128] - Pdv OK
2014-03-28 12:35:00 INFO [Control.Check:58] - *************Controllo punto vendita: Co.Vi. SNC (Altomonte);id:21***************
2014-03-28 12:35:00 INFO [Control.Check:67] - Il pdv non ha inviato i dati
2014-03-28 12:35:01 INFO [Control.Check:58] - *************Controllo punto vendita: F.lli Speranza SNC (Torre Orsaia);id:22***************
2014-03-28 12:35:01 INFO [Control.Check:67] - Il pdv non ha inviato i dati
2014-03-28 12:35:02 INFO [Control.Check:58] - *************Controllo punto vendita: Alba Store (Albanella);id:23***************
2014-03-28 12:35:02 INFO [Control.Check:128] - Pdv OK
2014-03-28 12:35:02 INFO [Control.Check:58] - *************Controllo punto vendita: Rizzo Sergio (Campagna);id:24***************
2014-03-28 12:35:02 INFO [Control.Check:128] - Pdv OK
2014-03-28 12:35:02 INFO [Control.Check:58] - *************Controllo punto vendita: Fratelli Caporale SNC (Palomonte);id:28***************
2014-03-28 12:35:02 INFO [Control.Check:67] - Il pdv non ha inviato i dati
2014-03-28 12:35:03 INFO [Control.Check:58] - *************Controllo punto vendita: Ferrara S.R.L. (Palma Campania);id:29***************
2014-03-28 12:35:03 INFO [Control.Check:128] - Pdv OK
2014-03-28 12:35:03 INFO [Control.Check:58] - *************Controllo punto vendita: Meda Carni S.R.L (San Leonardo);id:30***************
2014-03-28 12:35:03 INFO [Control.Check:128] - Pdv OK
2014-03-28 12:35:03 INFO [Control.Check:58] - *************Controllo punto vendita: Sabia Antonella (Rionero);id:31***************
2014-03-28 12:35:03 INFO [Control.Check:128] - Pdv OK
2014-03-28 12:35:03 INFO [Control.Check:58] - *************Controllo punto vendita: Unirey S.R.L. (Via Roma);id:32***************
2014-03-28 12:35:03 INFO [Control.Check:128] - Pdv OK
2014-03-28 12:35:03 INFO [Control.Check:58] - *************Controllo punto vendita: Unirey S.R.L. (Via Roma);id:33***************
2014-03-28 12:35:03 INFO [Control.Check:128] - Pdv OK
2014-03-28 12:35:03 INFO [Control.Check:58] - *************Controllo punto vendita: Vimas (Salerno);id:34***************
2014-03-28 12:35:03 INFO [Control.Check:128] - Pdv OK
2014-03-28 12:35:03 INFO [Control.Check:58] - *************Controllo punto vendita: La Rocchellese S.R.L. (Roccagloriosa);id:35***************
2014-03-28 12:35:03 INFO [Control.Check:128] - Pdv OK
2014-03-28 12:35:03 INFO [Control.Check:58] - *************Controllo punto vendita: Multiservice (Laino Borgo);id:37***************
2014-03-28 12:35:03 INFO [Control.Check:128] - Pdv OK
2014-03-28 12:35:03 INFO [Control.Check:58] - *************Controllo punto vendita: Califano Alimentari;id:39***************
2014-03-28 12:35:03 INFO [Control.Check:128] - Pdv OK
2014-03-28 12:35:03 INFO [Control.Check:58] - *************Controllo punto vendita: Battista Nevicella;id:40***************
2014-03-28 12:35:03 INFO [Control.Check:67] - Il pdv non ha inviato i dati
2014-03-28 12:35:04 INFO [Control.Check:58] - *************Controllo punto vendita: MOCCIA S.A.S. -MERCATO SAN SEVERINO- PIAZZA ALDO MORO;id:41***************
2014-03-28 12:35:04 INFO [Control.Check:128] - Pdv OK
2014-03-28 12:35:04 INFO [Control.Check:58] - *************Controllo punto vendita: Meda Carni (Zona Industriale);id:42***************
2014-03-28 12:35:04 INFO [Control.Check:67] - Il pdv non ha inviato i dati
2014-03-28 12:35:05 INFO [Control.Check:58] - *************Controllo punto vendita: MOCCIA S.A.S. -BRACIGLIANO- VIA VES.;id:44***************
2014-03-28 12:35:05 INFO [Control.Check:128] - Pdv OK
2014-03-28 12:35:05 INFO [Control.Check:58] - *************Controllo punto vendita: MOCCIA SAS -SIANO- VIA BOTTA;id:45***************
2014-03-28 12:35:05 INFO [Control.Check:67] - Il pdv non ha inviato i dati
2014-03-28 12:35:07 INFO [Control.Check:58] - *************Controllo punto vendita: MOCCIA SAS -SIANO- VIA ZAMBRANO;id:46***************
2014-03-28 12:35:07 INFO [Control.Check:128] - Pdv OK
2014-03-28 12:35:07 INFO [Control.Check:58] - *************Controllo punto vendita: MOCCIA SAS -MERCATO SAN SEVERINO- CORSO DIAZ;id:47***************
2014-03-28 12:35:07 INFO [Control.Check:128] - Pdv OK
2014-03-28 12:35:07 INFO [Control.Check:58] - *************Controllo punto vendita: MOCCIA SAS -BRACIGLIANO- VIA VERDI;id:48***************
2014-03-28 12:35:07 INFO [Control.Check:67] - Il pdv non ha inviato i dati
2014-03-28 12:35:08 INFO [Control.Check:58] - *************Controllo punto vendita: MOCCIA SAS -CASTEL SAN GIORGIO- VIA MANNARA;id:49***************
2014-03-28 12:35:08 INFO [Control.Check:67] - Il pdv non ha inviato i dati
2014-03-28 12:35:09 INFO [Control.Check:58] - *************Controllo punto vendita: MOCCIA SAS -M.S.S SEVERINO- SAN VINCENZO;id:50***************
2014-03-28 12:35:09 INFO [Control.Check:67] - Il pdv non ha inviato i dati
2014-03-28 12:35:11 FATAL [Settings.XmlMan:207] - Errore libreria SAX: org.xml.sax.SAXParseException; systemId: file:///Users/carlosborges/Desktop/FidelityManager/FidelityManager(FM)/ErrLog.xml; lineNumber: 2; columnNumber: 88; Il tipo di elemento "errors" deve terminare con la corrispondente tag finale "</errors>".
2014-03-28 12:35:33 INFO [Boot.Main:26] - *******************************Fine Esecuzione********************************
2014-03-28 12:39:26 INFO [Boot.Main:15] - *******************************Inizio Esecuzione********************************
2014-03-28 12:39:26 INFO [BI.MainBI:26] - *******************************Inizio Esecuzione in Batch********************************
2014-03-28 12:39:26 INFO [BI.MainBI:32] - Inizio connessione al database
2014-03-28 12:39:29 INFO [Control.Check:48] - ******************Controllo errori del giorno: 2014-3-27*******************
2014-03-28 12:39:29 INFO [Control.Check:58] - *************Controllo punto vendita: Iannaccone Sabino e F. (Atripalda);id:12***************
2014-03-28 12:39:29 INFO [Control.Check:128] - Pdv OK
2014-03-28 12:39:29 INFO [Control.Check:58] - *************Controllo punto vendita: Cedes Alimentare S.R.L (Montella);id:13***************
2014-03-28 12:39:29 INFO [Control.Check:128] - Pdv OK
2014-03-28 12:39:29 INFO [Control.Check:58] - *************Controllo punto vendita: Diemme S.R.L (Salerno);id:14***************
2014-03-28 12:39:29 INFO [Control.Check:128] - Pdv OK
2014-03-28 12:39:29 INFO [Control.Check:58] - *************Controllo punto vendita: Mtr S.R.L. (Baragiano);id:15***************
2014-03-28 12:39:29 INFO [Control.Check:67] - Il pdv non ha inviato i dati
2014-03-28 12:39:29 INFO [Control.Check:58] - *************Controllo punto vendita: De Feo Rafaella and C. (Serino);id:16***************
2014-03-28 12:39:29 INFO [Control.Check:128] - Pdv OK
2014-03-28 12:39:29 INFO [Control.Check:58] - *************Controllo punto vendita: De Stefano Gennaro (Solofra);id:17***************
2014-03-28 12:39:29 INFO [Control.Check:67] - Il pdv non ha inviato i dati
2014-03-28 12:39:29 INFO [Control.Check:58] - *************Controllo punto vendita: Ce.Si.Mi (Solofra);id:18***************
2014-03-28 12:39:29 INFO [Control.Check:67] - Il pdv non ha inviato i dati
2014-03-28 12:39:29 INFO [Control.Check:58] - *************Controllo punto vendita: D.T. Distribuzione Gio (Torchiara);id:19***************
2014-03-28 12:39:29 INFO [Control.Check:128] - Pdv OK
2014-03-28 12:39:29 INFO [Control.Check:58] - *************Controllo punto vendita: Il Girasole S.R.L. (Nola);id:20***************
2014-03-28 12:39:29 INFO [Control.Check:128] - Pdv OK
2014-03-28 12:39:29 INFO [Control.Check:58] - *************Controllo punto vendita: Co.Vi. SNC (Altomonte);id:21***************
2014-03-28 12:39:29 INFO [Control.Check:67] - Il pdv non ha inviato i dati
2014-03-28 12:39:29 INFO [Control.Check:58] - *************Controllo punto vendita: F.lli Speranza SNC (Torre Orsaia);id:22***************
2014-03-28 12:39:29 INFO [Control.Check:67] - Il pdv non ha inviato i dati
2014-03-28 12:39:29 INFO [Control.Check:58] - *************Controllo punto vendita: Alba Store (Albanella);id:23***************
2014-03-28 12:39:29 INFO [Control.Check:128] - Pdv OK
2014-03-28 12:39:29 INFO [Control.Check:58] - *************Controllo punto vendita: Rizzo Sergio (Campagna);id:24***************
2014-03-28 12:39:29 INFO [Control.Check:128] - Pdv OK
2014-03-28 12:39:29 INFO [Control.Check:58] - *************Controllo punto vendita: Fratelli Caporale SNC (Palomonte);id:28***************
2014-03-28 12:39:29 INFO [Control.Check:67] - Il pdv non ha inviato i dati
2014-03-28 12:39:29 INFO [Control.Check:58] - *************Controllo punto vendita: Ferrara S.R.L. (Palma Campania);id:29***************
2014-03-28 12:39:29 INFO [Control.Check:128] - Pdv OK
2014-03-28 12:39:29 INFO [Control.Check:58] - *************Controllo punto vendita: Meda Carni S.R.L (San Leonardo);id:30***************
2014-03-28 12:39:29 INFO [Control.Check:128] - Pdv OK
2014-03-28 12:39:29 INFO [Control.Check:58] - *************Controllo punto vendita: Sabia Antonella (Rionero);id:31***************
2014-03-28 12:39:29 INFO [Control.Check:128] - Pdv OK
2014-03-28 12:39:29 INFO [Control.Check:58] - *************Controllo punto vendita: Unirey S.R.L. (Via Roma);id:32***************
2014-03-28 12:39:29 INFO [Control.Check:128] - Pdv OK
2014-03-28 12:39:29 INFO [Control.Check:58] - *************Controllo punto vendita: Unirey S.R.L. (Via Roma);id:33***************
2014-03-28 12:39:29 INFO [Control.Check:128] - Pdv OK
2014-03-28 12:39:29 INFO [Control.Check:58] - *************Controllo punto vendita: Vimas (Salerno);id:34***************
2014-03-28 12:39:29 INFO [Control.Check:128] - Pdv OK
2014-03-28 12:39:29 INFO [Control.Check:58] - *************Controllo punto vendita: La Rocchellese S.R.L. (Roccagloriosa);id:35***************
2014-03-28 12:39:29 INFO [Control.Check:128] - Pdv OK
2014-03-28 12:39:29 INFO [Control.Check:58] - *************Controllo punto vendita: Multiservice (Laino Borgo);id:37***************
2014-03-28 12:39:29 INFO [Control.Check:128] - Pdv OK
2014-03-28 12:39:29 INFO [Control.Check:58] - *************Controllo punto vendita: Califano Alimentari;id:39***************
2014-03-28 12:39:29 INFO [Control.Check:128] - Pdv OK
2014-03-28 12:39:29 INFO [Control.Check:58] - *************Controllo punto vendita: Battista Nevicella;id:40***************
2014-03-28 12:39:29 INFO [Control.Check:67] - Il pdv non ha inviato i dati
2014-03-28 12:39:29 INFO [Control.Check:58] - *************Controllo punto vendita: MOCCIA S.A.S. -MERCATO SAN SEVERINO- PIAZZA ALDO MORO;id:41***************
2014-03-28 12:39:29 INFO [Control.Check:128] - Pdv OK
2014-03-28 12:39:29 INFO [Control.Check:58] - *************Controllo punto vendita: Meda Carni (Zona Industriale);id:42***************
2014-03-28 12:39:29 INFO [Control.Check:67] - Il pdv non ha inviato i dati
2014-03-28 12:39:29 INFO [Control.Check:58] - *************Controllo punto vendita: MOCCIA S.A.S. -BRACIGLIANO- VIA VES.;id:44***************
2014-03-28 12:39:29 INFO [Control.Check:128] - Pdv OK
2014-03-28 12:39:29 INFO [Control.Check:58] - *************Controllo punto vendita: MOCCIA SAS -SIANO- VIA BOTTA;id:45***************
2014-03-28 12:39:29 INFO [Control.Check:67] - Il pdv non ha inviato i dati
2014-03-28 12:39:29 INFO [Control.Check:58] - *************Controllo punto vendita: MOCCIA SAS -SIANO- VIA ZAMBRANO;id:46***************
2014-03-28 12:39:29 INFO [Control.Check:128] - Pdv OK
2014-03-28 12:39:29 INFO [Control.Check:58] - *************Controllo punto vendita: MOCCIA SAS -MERCATO SAN SEVERINO- CORSO DIAZ;id:47***************
2014-03-28 12:39:29 INFO [Control.Check:128] - Pdv OK
2014-03-28 12:39:29 INFO [Control.Check:58] - *************Controllo punto vendita: MOCCIA SAS -BRACIGLIANO- VIA VERDI;id:48***************
2014-03-28 12:39:29 INFO [Control.Check:67] - Il pdv non ha inviato i dati
2014-03-28 12:39:29 INFO [Control.Check:58] - *************Controllo punto vendita: MOCCIA SAS -CASTEL SAN GIORGIO- VIA MANNARA;id:49***************
2014-03-28 12:39:29 INFO [Control.Check:67] - Il pdv non ha inviato i dati
2014-03-28 12:39:29 INFO [Control.Check:58] - *************Controllo punto vendita: MOCCIA SAS -M.S.S SEVERINO- SAN VINCENZO;id:50***************
2014-03-28 12:39:29 INFO [Control.Check:67] - Il pdv non ha inviato i dati
2014-03-28 12:39:51 INFO [Boot.Main:26] - *******************************Fine Esecuzione********************************
2014-03-29 10:30:11 INFO [Test.BootTest:25] - *******************************Inizio Esecuzione********************************
2014-03-29 10:30:11 INFO [Test.MainBITest:25] - *******************************Inizio Esecuzione in Batch********************************
2014-03-29 10:30:11 INFO [Test.MainBITest:31] - Inizio connessione al database
2014-03-29 10:30:11 DEBUG [Test.MainBITest:32] - Configurazione server conn jdbc:sqlserver://172.16.1.229; databaseName= FidelityCard UserName sa Password Ami2005
2014-03-29 10:30:15 DEBUG [Test.MainBITest:39] - Fine query, inizio caricamento
2014-03-29 10:30:16 DEBUG [Test.MainBITest:41] - Fine caricamento Pdv,inzio caricamento Tecnici
2014-03-29 10:30:16 DEBUG [Settings.XmlMan:56] - ******************Caricamento tecnici**********************
2014-03-29 10:30:16 DEBUG [Settings.XmlMan:57] - Numero tecnici da caricare :10
2014-03-29 10:30:16 DEBUG [Test.MainBITest:43] - Fine caricamente Tecnici, inizio caricamento errori vecchi
2014-03-29 10:30:16 DEBUG [Settings.XmlMan:288] - 
tecnico :2
2014-03-29 10:30:16 DEBUG [Settings.XmlMan:288] - 
tecnico :2
2014-03-29 10:30:16 DEBUG [Settings.XmlMan:288] - 
tecnico :2
2014-03-29 10:30:16 DEBUG [Settings.XmlMan:288] - 
tecnico :2
2014-03-29 10:30:16 DEBUG [Settings.XmlMan:288] - 
tecnico :2
2014-03-29 10:30:16 DEBUG [Settings.XmlMan:288] - 
tecnico :9
2014-03-29 10:30:16 DEBUG [Settings.XmlMan:288] - 
tecnico :10
2014-03-29 10:30:16 DEBUG [Settings.XmlMan:288] - 
tecnico :10
2014-03-29 10:30:16 DEBUG [Settings.XmlMan:288] - 
tecnico :10
2014-03-29 10:30:16 DEBUG [Settings.XmlMan:288] - 
tecnico :10
2014-03-29 10:30:52 DEBUG [Control.Check:304] - Esecuzione query: exec ControlloGiornalieroPerNegozio'2014-01-03' , '13'
2014-03-29 10:31:04 DEBUG [Settings.XmlMan:514] - Aggiornamento file: Pdv tag: ragioneSocialecon il valore: computerDis
2014-03-29 10:32:33 DEBUG [Settings.XmlMan:514] - Aggiornamento file: Pdv tag: ragioneSocialecon il valore: computerDis
